Elapsed Time: 96.604s
SP GFLOPS: 8.354
Effective CPU Utilization: 2.7%
    Average Effective CPU Utilization: 0.966 out of 36
    MPI Imbalance: 4.069s (4.2%)
    MPI Rank on the Critical Path
        MPI Busy Wait Time: 0.363s (0.4%)

            Top Serial Hotspots (outside parallel regions)
            Function                       Module 
            -----------------------------  -------
            hfi1_kern_exp_rcv_dealloc      hfi1.ko
            chip_to_opa_pstate             hfi1.ko
            hfi1_kern_exp_rcv_alloc_flows  hfi1.ko
            get_current                    hfi1.ko
            hfi1_poll                      hfi1.ko
            [Others]                       N/A    
Memory Bound: 40.0% of Pipeline Slots
    Cache Bound: 19.4% of Clockticks
    DRAM Bound: 27.6% of Clockticks
    NUMA: % of Remote Accesses: 0.4%
FPU Utilization: 10.0%
    SP FLOPs per Cycle: 3.191 Out of 32
    Vector Capacity Usage: 99.6%
    FP Instruction Mix
        % of Packed FP Instr.: 99.5%
            % of 128-bit: 0.2%
            % of 256-bit: 99.4%
        % of Scalar FP Instr.: 0.5%
    FP Arith/Mem Rd Instr. Ratio: 1.076
    FP Arith/Mem Wr Instr. Ratio: 4.351
Collection and Platform Info
    Application Command Line: ../../src/restrict/heat_mpi "4000" "4000" "2000" 
    Operating System: 3.10.0-693.21.1.el7.x86_64 NAME="CentOS Linux" VERSION="7 (Core)" ID="centos" ID_LIKE="rhel fedora" VERSION_ID="7" PRETTY_NAME="CentOS Linux 7 (Core)" ANSI_COLOR="0;31" CPE_NAME="cpe:/o:centos:centos:7" HOME_URL="https://www.centos.org/" BUG_REPORT_URL="https://bugs.centos.org/"  CENTOS_MANTISBT_PROJECT="CentOS-7" CENTOS_MANTISBT_PROJECT_VERSION="7" REDHAT_SUPPORT_PRODUCT="centos" REDHAT_SUPPORT_PRODUCT_VERSION="7" 
    MPI Process Rank: 3
    Computer Name: r032c01s06
    Result Size: 233 MB 
    Collection start time: 14:03:38 02/07/2020 UTC
    Collection stop time: 14:05:16 02/07/2020 UTC
    Collector Type: Driverless Perf per-process sampling
    CPU
        Name: Intel(R) Xeon(R) Processor code named Broadwell
        Frequency: 2.300 GHz
        Logical CPU Count: 36
